Archiving D:\Cutscene Maker 4.0\Sony Vegas Template\Cutscene Maker 4.0 Sony Vegas Template.veg
	to C:\Users\Ralph\Documents\Cutscene Maker 4.0 Sony Vegas Template.veg
Copied D:\Cutscene Maker 4.0\Sony Vegas Template\Template Assets (DONT TOUCH!)\Background 0001.png
	to C:\Users\Ralph\Documents\Background 0001.png
Copied D:\Cutscene Maker 4.0\Sony Vegas Template\Template Assets (DONT TOUCH!)\Text Box Name Area.png
	to C:\Users\Ralph\Documents\Text Box Name Area.png
Copied D:\Cutscene Maker 4.0\Sony Vegas Template\Template Assets (DONT TOUCH!)\Updated RB1 Textbox With Transparency.png
	to C:\Users\Ralph\Documents\Updated RB1 Textbox With Transparency.png
Copied D:\Cutscene Maker 4.0\Text Box Files\Green Background.png
	to C:\Users\Ralph\Documents\Green Background.png
Copied D:\Cutscene Maker 4.0\Text Box Files\Neptune (Correctly Positioned).png
	to C:\Users\Ralph\Documents\Neptune (Correctly Positioned).png
Copied D:\Cutscene Maker 4.0\Text Box Files\Noire (Correctly Positioned).png
	to C:\Users\Ralph\Documents\Noire (Correctly Positioned).png
Copied M:\Current Project (Temp)\Anime Guide 1\text box bottom.png
	to C:\Users\Ralph\Documents\text box bottom.png
Copied M:\Current Project (Temp)\Anime Guide 1\text box left.png
	to C:\Users\Ralph\Documents\text box left.png
Copied M:\Current Project (Temp)\Anime Guide 1\text box right.png
	to C:\Users\Ralph\Documents\text box right.png
Saved project D:\Cutscene Maker 4.0\Sony Vegas Template\Cutscene Maker 4.0 Sony Vegas Template.veg
	to C:\Users\Ralph\Documents\Cutscene Maker 4.0 Sony Vegas Template.veg
Archiving complete.
